<?xml version="1.0" encoding="UTF-8"?>
<testng-results skipped="0" failed="0" total="1" passed="1">
  <reporter-output>
  </reporter-output>
  <suite name="Default suite" duration-ms="77" started-at="2019-03-29T06:17:19Z" finished-at="2019-03-29T06:17:19Z">
    <groups>
    </groups>
    <test name="Default test" duration-ms="77" started-at="2019-03-29T06:17:19Z" finished-at="2019-03-29T06:17:19Z">
      <class name="com.Infoflo.Maps.Maps">
        <test-method status="PASS" signature="maps()[pri:0, instance:com.Infoflo.Maps.Maps@174d20a]" name="maps" duration-ms="22" started-at="2019-03-29T11:47:19Z" finished-at="2019-03-29T11:47:19Z">
          <reporter-output>
          </reporter-output>
        </test-method> <!-- maps -->
      </class> <!-- com.Infoflo.Maps.Maps -->
    </test> <!-- Default test -->
  </suite> <!-- Default suite -->
</testng-results>
